Release 14.7 - ngc2edif P.20131013 (nt)
Copyright (c) 1995-2013 Xilinx, Inc.  All rights reserved.
Reading design ALU_Regs_Top.ngc ...
WARNING:NetListWriters:298 - No output is written to ALU_Regs_Top.xncf, ignored.
Processing design ...
   Preping design's networks ...
   Preping design's macros ...
  finished :Prep
Writing EDIF netlist file ALU_Regs_Top.edif ...
ngc2edif: Total memory usage is 85552 kilobytes

Release 14.7 - ngc2edif P.20131013 (nt)
Copyright (c) 1995-2013 Xilinx, Inc.  All rights reserved.
Reading design ALU_Regs_Top.ngc ...
WARNING:NetListWriters:298 - No output is written to ALU_Regs_Top.xncf, ignored.
Processing design ...
   Preping design's networks ...
   Preping design's macros ...
  finished :Prep
Writing EDIF netlist file ALU_Regs_Top.edif ...
ngc2edif: Total memory usage is 85744 kilobytes

Release 14.7 - ngc2edif P.20131013 (nt)
Copyright (c) 1995-2013 Xilinx, Inc.  All rights reserved.
Reading design ALU_Regs_Top.ngc ...
WARNING:NetListWriters:298 - No output is written to ALU_Regs_Top.xncf, ignored.
Processing design ...
   Preping design's networks ...
   Preping design's macros ...
  finished :Prep
Writing EDIF netlist file ALU_Regs_Top.edif ...
ngc2edif: Total memory usage is 85616 kilobytes

Release 14.7 - ngc2edif P.20131013 (nt)
Copyright (c) 1995-2013 Xilinx, Inc.  All rights reserved.
Reading design ALU_Regs_Top.ngc ...
WARNING:NetListWriters:298 - No output is written to ALU_Regs_Top.xncf, ignored.
Processing design ...
   Preping design's networks ...
   Preping design's macros ...
  finished :Prep
Writing EDIF netlist file ALU_Regs_Top.edif ...
ngc2edif: Total memory usage is 86320 kilobytes

Release 14.7 - ngc2edif P.20131013 (nt)
Copyright (c) 1995-2013 Xilinx, Inc.  All rights reserved.
Reading design ALU_Regs_Top.ngc ...
WARNING:NetListWriters:298 - No output is written to ALU_Regs_Top.xncf, ignored.
Processing design ...
   Preping design's networks ...
   Preping design's macros ...
  finished :Prep
Writing EDIF netlist file ALU_Regs_Top.edif ...
ngc2edif: Total memory usage is 85744 kilobytes

Release 14.7 - ngc2edif P.20131013 (nt)
Copyright (c) 1995-2013 Xilinx, Inc.  All rights reserved.
Reading design ALU_Regs_Top.ngc ...
WARNING:NetListWriters:298 - No output is written to ALU_Regs_Top.xncf, ignored.
Processing design ...
   Preping design's networks ...
   Preping design's macros ...
  finished :Prep
Writing EDIF netlist file ALU_Regs_Top.edif ...
ngc2edif: Total memory usage is 85616 kilobytes

Release 14.7 - ngc2edif P.20131013 (nt)
Copyright (c) 1995-2013 Xilinx, Inc.  All rights reserved.
Reading design ALU_Regs_Top.ngc ...
WARNING:NetListWriters:298 - No output is written to ALU_Regs_Top.xncf, ignored.
Processing design ...
   Preping design's networks ...
   Preping design's macros ...
  finished :Prep
Writing EDIF netlist file ALU_Regs_Top.edif ...
ngc2edif: Total memory usage is 85680 kilobytes

