#-----------------------------------------------------------
# PlanAhead v14.7
# Build 321239 by xbuild on Fri Sep 27 19:31:35 MDT 2013
# Start of session at: Wed Apr 24 18:49:39 2024
# Process ID: 194716
# Log file: C:/gaga/work/test/ALU/planAhead_run_4/planAhead.log
# Journal file: C:/gaga/work/test/ALU/planAhead_run_4/planAhead.jou
#-----------------------------------------------------------
INFO: [Common 17-78] Attempting to get a license: PlanAhead
INFO: [Common 17-290] Got license for PlanAhead
INFO: [Device 21-36] Loading parts and site information from C:/gaga/program/ISE/14.7/ISE_DS/PlanAhead/data/parts/arch.xml
Parsing RTL primitives file [C:/gaga/program/ISE/14.7/ISE_DS/PlanAhead/data/parts/xilinx/rtl/prims/rtl_prims.xml]
Finished parsing RTL primitives file [C:/gaga/program/ISE/14.7/ISE_DS/PlanAhead/data/parts/xilinx/rtl/prims/rtl_prims.xml]
start_gui
source C:/gaga/work/test/ALU/pa.fromNetlist.tcl
# create_project -name ALU -dir "C:/gaga/work/test/ALU/planAhead_run_4" -part xc7a100tfgg484-2L
# set_property design_mode GateLvl [get_property srcset [current_run -impl]]
# set_property edif_top_file "C:/gaga/work/test/ALU/ALU_Top.ngc" [ get_property srcset [ current_run ] ]
# add_files -norecurse { {C:/gaga/work/test/ALU} }
# set_param project.pinAheadLayout  yes
# set_property target_constrs_file "ALU_Top.ucf" [current_fileset -constrset]
Adding file 'C:/gaga/work/test/ALU/ALU_Top.ucf' to fileset 'constrs_1'
# add_files [list {ALU_Top.ucf}] -fileset [get_property constrset [current_run]]
# link_design
Design is defaulting to srcset: sources_1
Design is defaulting to constrset: constrs_1
Design is defaulting to project part: xc7a100tfgg484-2L
Release 14.7 - ngc2edif P.20131013 (nt)
Copyright (c) 1995-2013 Xilinx, Inc.  All rights reserved.

Release 14.7 - ngc2edif P.20131013 (nt)
Copyright (c) 1995-2013 Xilinx, Inc.  All rights reserved.
Reading design ALU_Top.ngc ...
WARNING:NetListWriters:298 - No output is written to ALU_Top.xncf, ignored.
Processing design ...
   Preping design's networks ...
   Preping design's macros ...
  finished :Prep
Writing EDIF netlist file ALU_Top.edif ...
ngc2edif: Total memory usage is 83376 kilobytes

Parsing EDIF File [./planAhead_run_4/ALU.data/cache/ALU_Top_ngc_zx.edif]
Finished Parsing EDIF File [./planAhead_run_4/ALU.data/cache/ALU_Top_ngc_zx.edif]
INFO: [Netlist 29-17] Analyzing 122 Unisim elements for replacement
INFO: [Netlist 29-28] Unisim Transformation completed in 0 CPU seconds
Loading clock regions from C:/gaga/program/ISE/14.7/ISE_DS/PlanAhead/data\parts/xilinx/artix7/artix7/xc7a100t/ClockRegion.xml
Loading clock buffers from C:/gaga/program/ISE/14.7/ISE_DS/PlanAhead/data\parts/xilinx/artix7/artix7/xc7a100t/ClockBuffers.xml
Loading clock placement rules from C:/gaga/program/ISE/14.7/ISE_DS/PlanAhead/data/parts/xilinx/artix7/ClockPlacerRules.xml
Loading package pin functions from C:/gaga/program/ISE/14.7/ISE_DS/PlanAhead/data\parts/xilinx/artix7/PinFunctions.xml...
Loading package from C:/gaga/program/ISE/14.7/ISE_DS/PlanAhead/data\parts/xilinx/artix7/artix7/xc7a100t/fgg484/Package.xml
Loading io standards from C:/gaga/program/ISE/14.7/ISE_DS/PlanAhead/data\./parts/xilinx/artix7/IOStandards.xml
Loading device configuration modes from C:/gaga/program/ISE/14.7/ISE_DS/PlanAhead/data\parts/xilinx/artix7/ConfigModes.xml
Loading list of drcs for the architecture : C:/gaga/program/ISE/14.7/ISE_DS/PlanAhead/data\./parts/xilinx/artix7/drc.xml
Parsing UCF File [C:/gaga/work/test/ALU/ALU_Top.ucf]
Finished Parsing UCF File [C:/gaga/work/test/ALU/ALU_Top.ucf]
INFO: [Project 1-111] Unisim Transformation Summary:
  A total of 122 instances were transformed.
  BUFGP => BUFGP (IBUF, BUFG): 4 instances
  FDC => FDCE: 118 instances

Phase 0 | Netlist Checksum: f3ab989e
link_design: Time (s): elapsed = 00:00:10 . Memory (MB): peak = 845.328 ; gain = 314.414
exit
ERROR: [PlanAhead 12-106] *** Exception: ui.h.b: Found deleted key in HTclEventBroker. Verify if the classes listed here call cleanup()
HTclEvent: SIGNAL_MODIFY   Classes: ui.views.aR 
HTclEvent: DEBUG_PORT_CONFIG_CHANGE   Classes: ui.views.aR 
HTclEvent: DEBUG_CORE_CONFIG_CHANGE   Classes: ui.views.aR 
HTclEvent: SIGNAL_BUS_MODIFY   Classes: ui.views.aR 
 (See C:/gaga/work/test/ALU\planAhead_pid194716.debug)
ERROR: [Common 17-39] 'stop_gui' failed due to earlier errors.
INFO: [Common 17-206] Exiting PlanAhead at Wed Apr 24 19:23:16 2024...
INFO: [Common 17-83] Releasing license: PlanAhead
