Release 14.7 - xst P.20131013 (nt64)
Copyright (c) 1995-2013 Xilinx, Inc.  All rights reserved.
--> Parameter TMPDIR set to xst/projnav.tmp


Total REAL time to Xst completion: 0.00 secs
Total CPU time to Xst completion: 0.20 secs
 
--> Parameter xsthdpdir set to xst


Total REAL time to Xst completion: 0.00 secs
Total CPU time to Xst completion: 0.20 secs
 
--> Reading design: Mem_Top.prj

TABLE OF CONTENTS
  1) Synthesis Options Summary
  2) HDL Parsing
  3) HDL Elaboration
  4) HDL Synthesis
       4.1) HDL Synthesis Report
  5) Advanced HDL Synthesis
       5.1) Advanced HDL Synthesis Report
  6) Low Level Synthesis
  7) Partition Report
  8) Design Summary
       8.1) Primitive and Black Box Usage
       8.2) Device utilization summary
       8.3) Partition Resource Summary
       8.4) Timing Report
            8.4.1) Clock Information
            8.4.2) Asynchronous Control Signals Information
            8.4.3) Timing Summary
            8.4.4) Timing Details
            8.4.5) Cross Clock Domains Report


=========================================================================
*                      Synthesis Options Summary                        *
=========================================================================
---- Source Parameters
Input File Name                    : "Mem_Top.prj"
Ignore Synthesis Constraint File   : NO

---- Target Parameters
Output File Name                   : "Mem_Top"
Output Format                      : NGC
Target Device                      : xc7a100t-2L-fgg484

---- Source Options
Top Module Name                    : Mem_Top
Automatic FSM Extraction           : YES
FSM Encoding Algorithm             : Auto
Safe Implementation                : No
FSM Style                          : LUT
RAM Extraction                     : Yes
RAM Style                          : Auto
ROM Extraction                     : Yes
Shift Register Extraction          : YES
ROM Style                          : Auto
Resource Sharing                   : YES
Asynchronous To Synchronous        : NO
Shift Register Minimum Size        : 2
Use DSP Block                      : Auto
Automatic Register Balancing       : No

---- Target Options
LUT Combining                      : Auto
Reduce Control Sets                : Auto
Add IO Buffers                     : YES
Global Maximum Fanout              : 100000
Add Generic Clock Buffer(BUFG)     : 32
Register Duplication               : YES
Optimize Instantiated Primitives   : NO
Use Clock Enable                   : Auto
Use Synchronous Set                : Auto
Use Synchronous Reset              : Auto
Pack IO Registers into IOBs        : Auto
Equivalent register Removal        : YES

---- General Options
Optimization Goal                  : Speed
Optimization Effort                : 1
Power Reduction                    : NO
Keep Hierarchy                     : No
Netlist Hierarchy                  : As_Optimized
RTL Output                         : Yes
Global Optimization                : AllClockNets
Read Cores                         : YES
Write Timing Constraints           : NO
Cross Clock Analysis               : NO
Hierarchy Separator                : /
Bus Delimiter                      : <>
Case Specifier                     : Maintain
Slice Utilization Ratio            : 100
BRAM Utilization Ratio             : 100
DSP48 Utilization Ratio            : 100
Auto BRAM Packing                  : NO
Slice Utilization Ratio Delta      : 5

---- Other Options
Cores Search Directories           : {"ipcore_dir"  }

=========================================================================


=========================================================================
*                          HDL Parsing                                  *
=========================================================================
Analyzing Verilog file "D:\gaga\work\test\exp5\ipcore_dir\RAM_B.v" into library work
Parsing module <RAM_B>.
Analyzing Verilog file "D:\gaga\work\test\exp5\Mem.v" into library work
Parsing module <Mem>.
Analyzing Verilog file "D:\gaga\work\test\exp5\Display.v" into library work
Parsing module <Display>.
Analyzing Verilog file "D:\gaga\work\test\exp5\Mem_Top.v" into library work
Parsing module <Mem_Top>.

=========================================================================
*                            HDL Elaboration                            *
=========================================================================

Elaborating module <Mem_Top>.

Elaborating module <Mem>.

Elaborating module <RAM_B>.
WARNING:HDLCompiler:1499 - "D:\gaga\work\test\exp5\ipcore_dir\RAM_B.v" Line 39: Empty module <RAM_B> remains a black box.

Elaborating module <Display>.

=========================================================================
*                           HDL Synthesis                               *
=========================================================================

Synthesizing Unit <Mem_Top>.
    Related source file is "D:\gaga\work\test\exp5\Mem_Top.v".
    Found 4x32-bit Read Only RAM for signal <MW_Data_s[1]_data[3][31]_wide_mux_4_OUT>
    Summary:
	inferred   1 RAM(s).
Unit <Mem_Top> synthesized.

Synthesizing Unit <Mem>.
    Related source file is "D:\gaga\work\test\exp5\Mem.v".
WARNING:Xst:647 - Input <DM_Addr<1:0>> is never used. This port will be preserved and left unconnected if it belongs to a top-level block or it belongs to a sub-block and the hierarchy of this sub-block is preserved.
    Summary:
	no macro.
Unit <Mem> synthesized.

Synthesizing Unit <Display>.
    Related source file is "D:\gaga\work\test\exp5\Display.v".
    Found 3-bit register for signal <which>.
    Found 15-bit register for signal <count>.
    Found 15-bit adder for signal <count[14]_GND_4_o_add_0_OUT> created at line 35.
    Found 3-bit adder for signal <which[2]_GND_4_o_add_2_OUT> created at line 41.
    Found 16x8-bit Read Only RAM for signal <seg>
    Found 1-bit 8-to-1 multiplexer for signal <digit<3>> created at line 56.
    Found 1-bit 8-to-1 multiplexer for signal <digit<2>> created at line 56.
    Found 1-bit 8-to-1 multiplexer for signal <digit<1>> created at line 56.
    Found 1-bit 8-to-1 multiplexer for signal <digit<0>> created at line 56.
    Summary:
	inferred   1 RAM(s).
	inferred   2 Adder/Subtractor(s).
	inferred  18 D-type flip-flop(s).
	inferred   4 Multiplexer(s).
Unit <Display> synthesized.

=========================================================================
HDL Synthesis Report

Macro Statistics
# RAMs                                                 : 2
 16x8-bit single-port Read Only RAM                    : 1
 4x32-bit single-port Read Only RAM                    : 1
# Adders/Subtractors                                   : 2
 15-bit adder                                          : 1
 3-bit adder                                           : 1
# Registers                                            : 2
 15-bit register                                       : 1
 3-bit register                                        : 1
# Multiplexers                                         : 4
 1-bit 8-to-1 multiplexer                              : 4

=========================================================================

=========================================================================
*                       Advanced HDL Synthesis                          *
=========================================================================

Reading core <ipcore_dir/RAM_B.ngc>.
Loading core <RAM_B> for timing and area information for instance <Data_RAM>.

Synthesizing (advanced) Unit <Display>.
The following registers are absorbed into counter <count>: 1 register on signal <count>.
The following registers are absorbed into counter <which>: 1 register on signal <which>.
INFO:Xst:3218 - HDL ADVISOR - The RAM <Mram_seg> will be implemented on LUTs either because you have described an asynchronous read or because of currently unsupported block RAM features. If you have described an asynchronous read, making it synchronous would allow you to take advantage of available block RAM resources, for optimized device usage and improved timings. Please refer to your documentation for coding guidelines.
    -----------------------------------------------------------------------
    | ram_type           | Distributed                         |          |
    -----------------------------------------------------------------------
    | Port A                                                              |
    |     aspect ratio   | 16-word x 8-bit                     |          |
    |     weA            | connected to signal <GND>           | high     |
    |     addrA          | connected to signal <digit>         |          |
    |     diA            | connected to signal <GND>           |          |
    |     doA            | connected to signal <seg>           |          |
    -----------------------------------------------------------------------
Unit <Display> synthesized (advanced).

Synthesizing (advanced) Unit <Mem_Top>.
INFO:Xst:3218 - HDL ADVISOR - The RAM <Mram_MW_Data_s[1]_data[3][31]_wide_mux_4_OUT> will be implemented on LUTs either because you have described an asynchronous read or because of currently unsupported block RAM features. If you have described an asynchronous read, making it synchronous would allow you to take advantage of available block RAM resources, for optimized device usage and improved timings. Please refer to your documentation for coding guidelines.
    -----------------------------------------------------------------------
    | ram_type           | Distributed                         |          |
    -----------------------------------------------------------------------
    | Port A                                                              |
    |     aspect ratio   | 4-word x 32-bit                     |          |
    |     weA            | connected to signal <GND>           | high     |
    |     addrA          | connected to signal <MW_Data_s>     |          |
    |     diA            | connected to signal <GND>           |          |
    |     doA            | connected to internal node          |          |
    -----------------------------------------------------------------------
Unit <Mem_Top> synthesized (advanced).

=========================================================================
Advanced HDL Synthesis Report

Macro Statistics
# RAMs                                                 : 2
 16x8-bit single-port distributed Read Only RAM        : 1
 4x32-bit single-port distributed Read Only RAM        : 1
# Counters                                             : 2
 15-bit up counter                                     : 1
 3-bit up counter                                      : 1
# Multiplexers                                         : 4
 1-bit 8-to-1 multiplexer                              : 4

=========================================================================

=========================================================================
*                         Low Level Synthesis                           *
=========================================================================

Optimizing unit <Mem_Top> ...

Mapping all equations...
Building and optimizing final netlist ...
Found area constraint ratio of 100 (+ 5) on block Mem_Top, actual ratio is 0.

Final Macro Processing ...

=========================================================================
Final Register Report

Macro Statistics
# Registers                                            : 18
 Flip-Flops                                            : 18

=========================================================================

=========================================================================
*                           Partition Report                            *
=========================================================================

Partition Implementation Status
-------------------------------

  No Partitions were found in this design.

-------------------------------

=========================================================================
*                            Design Summary                             *
=========================================================================

Top Level Output File Name         : Mem_Top.ngc

Primitive and Black Box Usage:
------------------------------
# BELS                             : 74
#      GND                         : 2
#      INV                         : 3
#      LUT1                        : 14
#      LUT2                        : 4
#      LUT3                        : 1
#      LUT4                        : 7
#      LUT6                        : 8
#      MUXCY                       : 14
#      MUXF7                       : 4
#      VCC                         : 2
#      XORCY                       : 15
# FlipFlops/Latches                : 18
#      FDC                         : 18
# RAMS                             : 1
#      RAMB18E1                    : 1
# Clock Buffers                    : 2
#      BUFGP                       : 2
# IO Buffers                       : 22
#      IBUF                        : 10
#      OBUF                        : 12

Device utilization summary:
---------------------------

Selected Device : 7a100tfgg484-2l 


Slice Logic Utilization: 
 Number of Slice Registers:              18  out of  126800     0%  
 Number of Slice LUTs:                   37  out of  63400     0%  
    Number used as Logic:                37  out of  63400     0%  

Slice Logic Distribution: 
 Number of LUT Flip Flop pairs used:     37
   Number with an unused Flip Flop:      19  out of     37    51%  
   Number with an unused LUT:             0  out of     37     0%  
   Number of fully used LUT-FF pairs:    18  out of     37    48%  
   Number of unique control sets:         2

IO Utilization: 
 Number of IOs:                          26
 Number of bonded IOBs:                  24  out of    285     8%  

Specific Feature Utilization:
 Number of Block RAM/FIFO:                1  out of    135     0%  
    Number using Block RAM only:          1
 Number of BUFG/BUFGCTRLs:                2  out of     32     6%  

---------------------------
Partition Resource Summary:
---------------------------

  No Partitions were found in this design.

---------------------------


=========================================================================
Timing Report

NOTE: THESE TIMING NUMBERS ARE ONLY A SYNTHESIS ESTIMATE.
      FOR ACCURATE TIMING INFORMATION PLEASE REFER TO THE TRACE REPORT
      GENERATED AFTER PLACE-and-ROUTE.

Clock Information:
------------------
-----------------------------------+------------------------+-------+
Clock Signal                       | Clock buffer(FF name)  | Load  |
-----------------------------------+------------------------+-------+
clk                                | BUFGP                  | 15    |
Tube/count_14                      | NONE(Tube/which_0)     | 3     |
clk_dm                             | BUFGP                  | 1     |
-----------------------------------+------------------------+-------+
INFO:Xst:2169 - HDL ADVISOR - Some clock signals were not automatically buffered by XST with BUFG/BUFR resources. Please use the buffer_type constraint in order to insert these buffers to the clock signals to help prevent skew problems.

Asynchronous Control Signals Information:
----------------------------------------
No asynchronous control signals found in this design

Timing Summary:
---------------
Speed Grade: -2

   Minimum period: 2.009ns (Maximum Frequency: 497.723MHz)
   Minimum input arrival time before clock: 1.638ns
   Maximum output required time after clock: 4.314ns
   Maximum combinational path delay: No path found

Timing Details:
---------------
All values displayed in nanoseconds (ns)

=========================================================================
Timing constraint: Default period analysis for Clock 'clk'
  Clock period: 2.009ns (frequency: 497.723MHz)
  Total number of paths / destination ports: 120 / 15
-------------------------------------------------------------------------
Delay:               2.009ns (Levels of Logic = 16)
  Source:            Tube/count_0 (FF)
  Destination:       Tube/count_14 (FF)
  Source Clock:      clk rising
  Destination Clock: clk rising

  Data Path: Tube/count_0 to Tube/count_14
                                Gate     Net
    Cell:in->out      fanout   Delay   Delay  Logical Name (Net Name)
    ----------------------------------------  ------------
     FDC:C->Q              1   0.398   0.339  Tube/count_0 (Tube/count_0)
     INV:I->O              1   0.123   0.000  Tube/Mcount_count_lut<0>_INV_0 (Tube/Mcount_count_lut<0>)
     MUXCY:S->O            1   0.392   0.000  Tube/Mcount_count_cy<0> (Tube/Mcount_count_cy<0>)
     MUXCY:CI->O           1   0.025   0.000  Tube/Mcount_count_cy<1> (Tube/Mcount_count_cy<1>)
     MUXCY:CI->O           1   0.025   0.000  Tube/Mcount_count_cy<2> (Tube/Mcount_count_cy<2>)
     MUXCY:CI->O           1   0.025   0.000  Tube/Mcount_count_cy<3> (Tube/Mcount_count_cy<3>)
     MUXCY:CI->O           1   0.025   0.000  Tube/Mcount_count_cy<4> (Tube/Mcount_count_cy<4>)
     MUXCY:CI->O           1   0.025   0.000  Tube/Mcount_count_cy<5> (Tube/Mcount_count_cy<5>)
     MUXCY:CI->O           1   0.025   0.000  Tube/Mcount_count_cy<6> (Tube/Mcount_count_cy<6>)
     MUXCY:CI->O           1   0.025   0.000  Tube/Mcount_count_cy<7> (Tube/Mcount_count_cy<7>)
     MUXCY:CI->O           1   0.025   0.000  Tube/Mcount_count_cy<8> (Tube/Mcount_count_cy<8>)
     MUXCY:CI->O           1   0.025   0.000  Tube/Mcount_count_cy<9> (Tube/Mcount_count_cy<9>)
     MUXCY:CI->O           1   0.025   0.000  Tube/Mcount_count_cy<10> (Tube/Mcount_count_cy<10>)
     MUXCY:CI->O           1   0.025   0.000  Tube/Mcount_count_cy<11> (Tube/Mcount_count_cy<11>)
     MUXCY:CI->O           1   0.025   0.000  Tube/Mcount_count_cy<12> (Tube/Mcount_count_cy<12>)
     MUXCY:CI->O           0   0.025   0.000  Tube/Mcount_count_cy<13> (Tube/Mcount_count_cy<13>)
     XORCY:CI->O           1   0.417   0.000  Tube/Mcount_count_xor<14> (Result<14>)
     FDC:D                     0.015          Tube/count_14
    ----------------------------------------
    Total                      2.009ns (1.670ns logic, 0.339ns route)
                                       (83.1% logic, 16.9% route)

=========================================================================
Timing constraint: Default period analysis for Clock 'Tube/count_14'
  Clock period: 1.275ns (frequency: 784.006MHz)
  Total number of paths / destination ports: 6 / 3
-------------------------------------------------------------------------
Delay:               1.275ns (Levels of Logic = 1)
  Source:            Tube/which_0 (FF)
  Destination:       Tube/which_0 (FF)
  Source Clock:      Tube/count_14 rising
  Destination Clock: Tube/count_14 rising

  Data Path: Tube/which_0 to Tube/which_0
                                Gate     Net
    Cell:in->out      fanout   Delay   Delay  Logical Name (Net Name)
    ----------------------------------------  ------------
     FDC:C->Q             12   0.398   0.400  Tube/which_0 (Tube/which_0)
     INV:I->O              1   0.123   0.339  Tube/Mcount_which_xor<0>11_INV_0 (Result<0>1)
     FDC:D                     0.015          Tube/which_0
    ----------------------------------------
    Total                      1.275ns (0.536ns logic, 0.740ns route)
                                       (42.0% logic, 58.0% route)

=========================================================================
Timing constraint: Default OFFSET IN BEFORE for Clock 'clk'
  Total number of paths / destination ports: 15 / 15
-------------------------------------------------------------------------
Offset:              0.832ns (Levels of Logic = 1)
  Source:            rst (PAD)
  Destination:       Tube/count_0 (FF)
  Destination Clock: clk rising

  Data Path: rst to Tube/count_0
                                Gate     Net
    Cell:in->out      fanout   Delay   Delay  Logical Name (Net Name)
    ----------------------------------------  ------------
     IBUF:I->O            18   0.001   0.434  rst_IBUF (rst_IBUF)
     FDC:CLR                   0.397          Tube/count_0
    ----------------------------------------
    Total                      0.832ns (0.398ns logic, 0.434ns route)
                                       (47.8% logic, 52.2% route)

=========================================================================
Timing constraint: Default OFFSET IN BEFORE for Clock 'Tube/count_14'
  Total number of paths / destination ports: 3 / 3
-------------------------------------------------------------------------
Offset:              0.832ns (Levels of Logic = 1)
  Source:            rst (PAD)
  Destination:       Tube/which_0 (FF)
  Destination Clock: Tube/count_14 rising

  Data Path: rst to Tube/which_0
                                Gate     Net
    Cell:in->out      fanout   Delay   Delay  Logical Name (Net Name)
    ----------------------------------------  ------------
     IBUF:I->O            18   0.001   0.434  rst_IBUF (rst_IBUF)
     FDC:CLR                   0.397          Tube/which_0
    ----------------------------------------
    Total                      0.832ns (0.398ns logic, 0.434ns route)
                                       (47.8% logic, 52.2% route)

=========================================================================
Timing constraint: Default OFFSET IN BEFORE for Clock 'clk_dm'
  Total number of paths / destination ports: 74 / 48
-------------------------------------------------------------------------
Offset:              1.638ns (Levels of Logic = 3)
  Source:            MW_Data_s<0> (PAD)
  Destination:       mem/Data_RAM/U0/xst_blk_mem_generator/gnativebmg.native_blk_mem_gen/valid.cstr/ramloop[0].ram.r/v6_init.ram/NO_BMM_INFO.SP.WIDE_PRIM18.ram (RAM)
  Destination Clock: clk_dm rising

  Data Path: MW_Data_s<0> to mem/Data_RAM/U0/xst_blk_mem_generator/gnativebmg.native_blk_mem_gen/valid.cstr/ramloop[0].ram.r/v6_init.ram/NO_BMM_INFO.SP.WIDE_PRIM18.ram
                                Gate     Net
    Cell:in->out      fanout   Delay   Delay  Logical Name (Net Name)
    ----------------------------------------  ------------
     IBUF:I->O             4   0.001   0.468  MW_Data_s_0_IBUF (MW_Data_s_0_IBUF)
     LUT2:I0->O           16   0.105   0.422  Mram_MW_Data_s[1]_data[3][31]_wide_mux_4_OUT101 (Mram_MW_Data_s[1]_data[3][31]_wide_mux_4_OUT1)
     begin scope: 'mem/Data_RAM:dina<31>'
     RAMB18E1:DIBDI15          0.641          U0/xst_blk_mem_generator/gnativebmg.native_blk_mem_gen/valid.cstr/ramloop[0].ram.r/v6_init.ram/NO_BMM_INFO.SP.WIDE_PRIM18.ram
    ----------------------------------------
    Total                      1.638ns (0.747ns logic, 0.891ns route)
                                       (45.6% logic, 54.4% route)

=========================================================================
Timing constraint: Default OFFSET OUT AFTER for Clock 'Tube/count_14'
  Total number of paths / destination ports: 143 / 10
-------------------------------------------------------------------------
Offset:              2.788ns (Levels of Logic = 4)
  Source:            Tube/which_1 (FF)
  Destination:       seg<7> (PAD)
  Source Clock:      Tube/count_14 rising

  Data Path: Tube/which_1 to seg<7>
                                Gate     Net
    Cell:in->out      fanout   Delay   Delay  Logical Name (Net Name)
    ----------------------------------------  ------------
     FDC:C->Q             11   0.398   0.849  Tube/which_1 (Tube/which_1)
     LUT6:I0->O            1   0.105   0.000  Tube/Mmux_digit<0>_3 (Tube/Mmux_digit<0>_3)
     MUXF7:I1->O           7   0.308   0.683  Tube/Mmux_digit<0>_2_f7 (Tube/digit<0>)
     LUT4:I0->O            1   0.105   0.339  Tube/Mram_seg31 (seg_3_OBUF)
     OBUF:I->O                 0.000          seg_3_OBUF (seg<3>)
    ----------------------------------------
    Total                      2.788ns (0.916ns logic, 1.872ns route)
                                       (32.9% logic, 67.1% route)

=========================================================================
Timing constraint: Default OFFSET OUT AFTER for Clock 'clk_dm'
  Total number of paths / destination ports: 224 / 7
-------------------------------------------------------------------------
Offset:              4.314ns (Levels of Logic = 5)
  Source:            mem/Data_RAM/U0/xst_blk_mem_generator/gnativebmg.native_blk_mem_gen/valid.cstr/ramloop[0].ram.r/v6_init.ram/NO_BMM_INFO.SP.WIDE_PRIM18.ram (RAM)
  Destination:       seg<7> (PAD)
  Source Clock:      clk_dm rising

  Data Path: mem/Data_RAM/U0/xst_blk_mem_generator/gnativebmg.native_blk_mem_gen/valid.cstr/ramloop[0].ram.r/v6_init.ram/NO_BMM_INFO.SP.WIDE_PRIM18.ram to seg<7>
                                Gate     Net
    Cell:in->out      fanout   Delay   Delay  Logical Name (Net Name)
    ----------------------------------------  ------------
     RAMB18E1:CLKARDCLK->DOADO5    1   2.125   0.649  U0/xst_blk_mem_generator/gnativebmg.native_blk_mem_gen/valid.cstr/ramloop[0].ram.r/v6_init.ram/NO_BMM_INFO.SP.WIDE_PRIM18.ram (douta<5>)
     end scope: 'mem/Data_RAM:douta<5>'
     LUT6:I2->O            1   0.105   0.000  Tube/Mmux_digit<1>_3 (Tube/Mmux_digit<1>_3)
     MUXF7:I1->O           7   0.308   0.683  Tube/Mmux_digit<1>_2_f7 (Tube/digit<1>)
     LUT4:I0->O            1   0.105   0.339  Tube/Mram_seg111 (seg_1_OBUF)
     OBUF:I->O                 0.000          seg_1_OBUF (seg<1>)
    ----------------------------------------
    Total                      4.314ns (2.643ns logic, 1.671ns route)
                                       (61.3% logic, 38.7% route)

=========================================================================

Cross Clock Domains Report:
--------------------------

Clock to Setup on destination clock Tube/count_14
---------------+---------+---------+---------+---------+
               | Src:Rise| Src:Fall| Src:Rise| Src:Fall|
Source Clock   |Dest:Rise|Dest:Rise|Dest:Fall|Dest:Fall|
---------------+---------+---------+---------+---------+
Tube/count_14  |    1.275|         |         |         |
---------------+---------+---------+---------+---------+

Clock to Setup on destination clock clk
---------------+---------+---------+---------+---------+
               | Src:Rise| Src:Fall| Src:Rise| Src:Fall|
Source Clock   |Dest:Rise|Dest:Rise|Dest:Fall|Dest:Fall|
---------------+---------+---------+---------+---------+
clk            |    2.009|         |         |         |
---------------+---------+---------+---------+---------+

=========================================================================


Total REAL time to Xst completion: 9.00 secs
Total CPU time to Xst completion: 8.98 secs
 
--> 

Total memory usage is 4620240 kilobytes

Number of errors   :    0 (   0 filtered)
Number of warnings :    2 (   0 filtered)
Number of infos    :    3 (   0 filtered)

