Release 14.7 - ngc2edif P.20131013 (nt)
Copyright (c) 1995-2013 Xilinx, Inc.  All rights reserved.
Reading design ALU_Top.ngc ...
WARNING:NetListWriters:298 - No output is written to ALU_Top.xncf, ignored.
Processing design ...
   Preping design's networks ...
   Preping design's macros ...
  finished :Prep
Writing EDIF netlist file ALU_Top.edif ...
ngc2edif: Total memory usage is 83628 kilobytes

Release 14.7 - ngc2edif P.20131013 (nt)
Copyright (c) 1995-2013 Xilinx, Inc.  All rights reserved.
Reading design ALU_Top.ngc ...
WARNING:NetListWriters:298 - No output is written to ALU_Top.xncf, ignored.
Processing design ...
   Preping design's networks ...
   Preping design's macros ...
  finished :Prep
Writing EDIF netlist file ALU_Top.edif ...
ngc2edif: Total memory usage is 83696 kilobytes

Release 14.7 - ngc2edif P.20131013 (nt)
Copyright (c) 1995-2013 Xilinx, Inc.  All rights reserved.
Reading design ALU_Top.ngc ...
WARNING:NetListWriters:298 - No output is written to ALU_Top.xncf, ignored.
Processing design ...
   Preping design's networks ...
   Preping design's macros ...
  finished :Prep
Writing EDIF netlist file ALU_Top.edif ...
ngc2edif: Total memory usage is 83120 kilobytes

Release 14.7 - ngc2edif P.20131013 (nt)
Copyright (c) 1995-2013 Xilinx, Inc.  All rights reserved.
Reading design ALU_Top.ngc ...
WARNING:NetListWriters:298 - No output is written to ALU_Top.xncf, ignored.
Processing design ...
   Preping design's networks ...
   Preping design's macros ...
  finished :Prep
Writing EDIF netlist file ALU_Top.edif ...
ngc2edif: Total memory usage is 83376 kilobytes

Release 14.7 - ngc2edif P.20131013 (nt)
Copyright (c) 1995-2013 Xilinx, Inc.  All rights reserved.
Reading design ALU_Top.ngc ...
WARNING:NetListWriters:298 - No output is written to ALU_Top.xncf, ignored.
Processing design ...
   Preping design's networks ...
   Preping design's macros ...
  finished :Prep
Writing EDIF netlist file ALU_Top.edif ...
ngc2edif: Total memory usage is 83056 kilobytes

